2021-12-02 08:28:22,354 INFO o.a.j.u.JMeterUtils: Setting Locale to en_EN
2021-12-02 08:28:22,379 INFO o.a.j.JMeter: Loading user properties from: /Users/gewa2/dev/apache-jmeter-5.4.1/bin/user.properties
2021-12-02 08:28:22,380 INFO o.a.j.JMeter: Loading system properties from: /Users/gewa2/dev/apache-jmeter-5.4.1/bin/system.properties
2021-12-02 08:28:22,380 INFO o.a.j.JMeter: Setting JMeter property: jmeter.laf=CrossPlatform
2021-12-02 08:28:22,386 INFO o.a.j.JMeter: Copyright (c) 1998-2021 The Apache Software Foundation
2021-12-02 08:28:22,387 INFO o.a.j.JMeter: Version 5.4.1
2021-12-02 08:28:22,387 INFO o.a.j.JMeter: java.version=11.0.6
2021-12-02 08:28:22,387 INFO o.a.j.JMeter: java.vm.name=Java HotSpot(TM) 64-Bit Server VM
2021-12-02 08:28:22,387 INFO o.a.j.JMeter: os.name=Mac OS X
2021-12-02 08:28:22,387 INFO o.a.j.JMeter: os.arch=x86_64
2021-12-02 08:28:22,387 INFO o.a.j.JMeter: os.version=10.15.6
2021-12-02 08:28:22,387 INFO o.a.j.JMeter: file.encoding=UTF-8
2021-12-02 08:28:22,387 INFO o.a.j.JMeter: java.awt.headless=null
2021-12-02 08:28:22,387 INFO o.a.j.JMeter: Max memory     =1073741824
2021-12-02 08:28:22,387 INFO o.a.j.JMeter: Available Processors =12
2021-12-02 08:28:22,395 INFO o.a.j.JMeter: Default Locale=English (EN)
2021-12-02 08:28:22,396 INFO o.a.j.JMeter: JMeter  Locale=English (EN)
2021-12-02 08:28:22,396 INFO o.a.j.JMeter: JMeterHome=/Users/gewa2/dev/apache-jmeter-5.4.1
2021-12-02 08:28:22,396 INFO o.a.j.JMeter: user.dir  =/Users/gewa2/dev/dos-service-fuzzy-search-api
2021-12-02 08:28:22,396 INFO o.a.j.JMeter: PWD       =/Users/gewa2/dev/dos-service-fuzzy-search-api
2021-12-02 08:28:22,418 INFO o.a.j.JMeter: IP: 192.168.68.107 Name: MacBook-Pro.local FullName: 192.168.68.107
2021-12-02 08:28:22,825 INFO o.a.j.JMeter: Setting LAF to: laf:com.apple.laf.AquaLookAndFeel
2021-12-02 08:28:23,621 INFO o.a.j.JMeter: Loaded icon properties from org/apache/jmeter/images/icon.properties
